<?xml version="1.0" encoding="UTF-8"?>
<Site BuildName="Darwin-clang++"
	BuildStamp="20240418-0305-Experimental"
	Name="Rodrigos-MacBook-Air.local"
	Generator="ctest-3.27.5"
	CompilerName="/opt/homebrew/opt/llvm/bin/clang++"
	CompilerVersion="17.0.1"
	OSName="macOS"
	Hostname="Rodrigos-MacBook-Air.local"
	OSRelease="14.4.1"
	OSVersion="23E224"
	OSPlatform="arm64"
	Is64Bits="1"
	VendorString="IBM"
	VendorID="IBM"
	FamilyID="16777228"
	ModelID="2"
	ProcessorCacheSize="131072"
	NumberOfLogicalCPU="8"
	NumberOfPhysicalCPU="8"
	TotalVirtualMemory="6144"
	TotalPhysicalMemory="8192"
	LogicalProcessorsPerPhysical="8"
	ProcessorClockFrequency="0"
	>
	<Testing>
		<StartDateTime>Apr 17 23:13 -04</StartDateTime>
		<StartTestTime>1713410027</StartTestTime>
		<TestList/>
		<EndDateTime>Apr 17 23:13 -04</EndDateTime>
		<EndTestTime>1713410027</EndTestTime>
		<ElapsedMinutes>0</ElapsedMinutes>
	</Testing>
</Site>
